proguard/usage.txt
com.byc.maj.BuildConfig
com.byc.maj.R
com.byc.maj.R$attr
com.byc.maj.R$dimen
com.byc.maj.R$drawable
com.byc.maj.R$string
com.byc.maj.R$style
com.byc.maj.R$xml
com.byc.reforcemy.ProxyApplication:
    private static final java.lang.String appkey
    294:308:protected void loadResources(java.lang.String)
    327:354:protected void loadResources2(java.lang.String)
com.byc.reforcemy.RefInvoke:
    7:7:public RefInvoke()
    125:145:public static java.lang.Object getStaticFieldOjbect(java.lang.String,java.lang.String)
    188:208:public static void setStaticOjbect(java.lang.String,java.lang.String,java.lang.Object)